<?xml version="1.0" encoding="UTF-8"?>
<project xmlns="http://maven.apache.org/POM/4.0.0" xmlns:xsi="http://www.w3.org/2001/XMLSchema-instance"
    xsi:schemaLocation="http://maven.apache.org/POM/4.0.0 http://maven.apache.org/xsd/maven-4.0.0.xsd">
    <modelVersion>4.0.0</modelVersion>

    <groupId>dal.cs5308-group12</groupId>
    <artifactId>halifaxtutor</artifactId>
    <version>0.1.0</version>
    <packaging>war</packaging>

    <parent>
        <groupId>org.springframework.boot</groupId>
        <artifactId>spring-boot-starter-parent</artifactId>
        <version>2.0.2.RELEASE</version>
    </parent>

    <dependencies>
        <!-- Exclude Logback so we can use Log4j2 -->
        <dependency>
            <groupId>org.springframework.boot</groupId>
            <artifactId>spring-boot-starter</artifactId>
            <exclusions>
                <exclusion>
                    <groupId>org.springframework.boot</groupId>
                    <artifactId>spring-boot-starter-logging</artifactId>
                </exclusion>
            </exclusions>
        </dependency>
        <!-- Log4j2 for logging -->
        <dependency>
            <groupId>org.springframework.boot</groupId>
            <artifactId>spring-boot-starter-log4j2</artifactId>
        </dependency>
        <dependency>
            <groupId>org.springframework.boot</groupId>
            <artifactId>spring-boot-starter-web</artifactId>
        </dependency>
        <!-- <dependency> -->
        <!-- <groupId>org.springframework.boot</groupId> -->
        <!-- <artifactId>spring-boot-starter-thymeleaf</artifactId> -->
        <!-- </dependency> -->
        <dependency>
            <groupId>org.springframework.boot</groupId>
            <artifactId>spring-boot-devtools</artifactId>
            <optional>true</optional>
        </dependency>
        <dependency>
            <groupId>org.springframework.boot</groupId>
            <artifactId>spring-boot-starter-actuator</artifactId>
        </dependency>
        <dependency>
            <groupId>org.springframework.boot</groupId>
            <artifactId>spring-boot-starter-test</artifactId>
            <scope>test</scope>
        </dependency>
        <dependency>
            <groupId>org.springframework.boot</groupId>
            <artifactId>spring-boot-starter-tomcat</artifactId>
            <scope>provided</scope>
        </dependency>

        <!---->
        <!-- Spring and Transactions -->
        <dependency>
            <groupId>org.springframework</groupId>
            <artifactId>spring-context</artifactId>
        </dependency>
        <dependency>
            <groupId>org.springframework</groupId>
            <artifactId>spring-tx</artifactId>
        </dependency>

        <!-- Spring JDBC Support -->
        <dependency>
            <groupId>org.springframework</groupId>
            <artifactId>spring-jdbc</artifactId>
        </dependency>

        <!-- MySQL Driver -->
        <dependency>
            <groupId>mysql</groupId>
            <artifactId>mysql-connector-java</artifactId>
            <version>5.0.5</version>
        </dependency>

        <dependency>
            <groupId>org.springframework.boot</groupId>
            <artifactId>spring-boot-starter-data-jpa</artifactId>
        </dependency>

        <!-- Logging with SLF4J & LogBack -->
        <!--<dependency>-->
        <!--<groupId>org.slf4j</groupId>-->
        <!--<artifactId>slf4j-api</artifactId>-->
        <!--<version>${slf4j.version}</version>-->
        <!--<scope>compile</scope>-->
        <!--</dependency>-->
        <!--<dependency>-->
        <!--<groupId>ch.qos.logback</groupId>-->
        <!--<artifactId>logback-classic</artifactId>-->
        <!--<version>${logback.version}</version>-->
        <!--<scope>runtime</scope>-->
        <!--</dependency>-->
        <dependency>
            <groupId>org.apache.commons</groupId>
            <artifactId>commons-dbcp2</artifactId>
            <version>2.1.1</version>
        </dependency>

        <!-- Send Email-->
        <dependency>
            <groupId>org.springframework.boot</groupId>
            <artifactId>spring-boot-starter-mail</artifactId>
            <version>1.4.3.RELEASE</version>
        </dependency>

        <!-- Access Token Generation -->
        <dependency>
            <groupId>io.jsonwebtoken</groupId>
            <artifactId>jjwt</artifactId>
            <version>0.9.0</version>
        </dependency>

    </dependencies>

    <properties>
        <java.version>1.8</java.version>
    </properties>

    <build>
        <plugins>
            <plugin>
                <groupId>org.springframework.boot</groupId>
                <artifactId>spring-boot-maven-plugin</artifactId>
            </plugin>
            <plugin>
                <artifactId>maven-failsafe-plugin</artifactId>
                <executions>
                    <execution>
                        <goals>
                            <goal>integration-test</goal>
                            <goal>verify</goal>
                        </goals>
                    </execution>
                </executions>
            </plugin>
            <plugin>
                <groupId>com.microsoft.azure</groupId>
                <artifactId>azure-webapp-maven-plugin</artifactId>
                <!-- Check latest version on Maven Central -->
                <version>1.1.0</version>
                <configuration>
                    <authentication>
                        <serverId>azure-auth</serverId>
                    </authentication>
                    <resourceGroup>csci5308group12test</resourceGroup>
                    <appName>csci5308group12test</appName>
                    <linuxRuntime>tomcat 8.5-jre8</linuxRuntime>
                    <deploymentType>war</deploymentType>
                </configuration>
            </plugin>
        </plugins>
    </build>

</project>
